<?xml version="1.0" encoding="UTF-8"?>
<!-- Generated by org.testng.reporters.JUnitReportReporter -->
<testsuite hostname="AAPC-8N072F3" failures="0" tests="1" name="com.sd.qa.testcases.ProductsPageTest" time="5.367" errors="0" timestamp="22 Jul 2024 12:46:55 GMT" skipped="0">
  <testcase classname="com.sd.qa.testcases.ProductsPageTest" name="applySorting" time="5.367"/>
</testsuite> <!-- com.sd.qa.testcases.ProductsPageTest -->
