<?xml version="1.0" encoding="UTF-8"?>
<!-- Generated by org.testng.reporters.JUnitReportReporter -->
<testsuite hostname="AAPC-8N072F3" failures="0" tests="1" name="com.sd.qa.testcases.LoginPageTest" time="3.577" errors="0" timestamp="24 Jul 2024 18:42:05 GMT" skipped="0">
  <testcase classname="com.sd.qa.testcases.LoginPageTest" name="loginTest" time="3.577"/>
</testsuite> <!-- com.sd.qa.testcases.LoginPageTest -->
