<?xml version="1.0" encoding="UTF-8"?>
<!-- Generated by org.testng.reporters.JUnitReportReporter -->
<testsuite hostname="AAPC-8N072F3" failures="0" tests="12" name="com.sd.qa.testcases.ProductsPageTest" time="45.044" errors="0" timestamp="17 Jul 2024 18:02:28 GMT" skipped="0">
  <testcase classname="com.sd.qa.testcases.ProductsPageTest" name="validateSauceLabsBackpackIsAvailable" time="3.972"/>
  <testcase classname="com.sd.qa.testcases.ProductsPageTest" name="addAnItemToShoppingCart" time="3.724"/>
  <testcase classname="com.sd.qa.testcases.ProductsPageTest" name="addMultipleItemsToShoppingCart" time="4.010"/>
  <testcase classname="com.sd.qa.testcases.ProductsPageTest" name="addToShoppingCartUsingDp_1" time="3.683"/>
  <testcase classname="com.sd.qa.testcases.ProductsPageTest" name="addToShoppingCartUsingDp_1" time="3.368"/>
  <testcase classname="com.sd.qa.testcases.ProductsPageTest" name="addToShoppingCartUsingDp_1" time="3.889"/>
  <testcase classname="com.sd.qa.testcases.ProductsPageTest" name="addToShoppingCartUsingDp_1" time="3.484"/>
  <testcase classname="com.sd.qa.testcases.ProductsPageTest" name="addToShoppingCartUsingDp_1" time="3.196"/>
  <testcase classname="com.sd.qa.testcases.ProductsPageTest" name="addToShoppingCartUsingDp_1" time="3.463"/>
  <testcase classname="com.sd.qa.testcases.ProductsPageTest" name="addToShoppingCartUsingDp_2" time="3.909"/>
  <testcase classname="com.sd.qa.testcases.ProductsPageTest" name="addToShoppingCartUsingDp_2" time="4.579"/>
  <testcase classname="com.sd.qa.testcases.ProductsPageTest" name="applySorting" time="3.767"/>
</testsuite> <!-- com.sd.qa.testcases.ProductsPageTest -->
