<?xml version="1.0" encoding="UTF-8"?>
<!-- Generated by org.testng.reporters.JUnitReportReporter -->
<testsuite hostname="AAPC-8N072F3" failures="0" tests="2" name="com.sd.qa.testcases.ProductsPageTest" time="20.196" errors="0" timestamp="25 Jul 2024 12:43:41 GMT" skipped="0">
  <testcase classname="com.sd.qa.testcases.ProductsPageTest" name="addToShoppingCartUsingDp_2" time="9.413"/>
  <testcase classname="com.sd.qa.testcases.ProductsPageTest" name="addToShoppingCartUsingDp_2" time="10.783"/>
</testsuite> <!-- com.sd.qa.testcases.ProductsPageTest -->
