<?xml version="1.0" encoding="UTF-8"?>
<!-- Generated by org.testng.reporters.JUnitReportReporter -->
<testsuite hostname="AAPC-8N072F3" failures="0" tests="1" name="com.sd.qa.testcases.LoginPageTest2" time="11.466" errors="0" timestamp="07 Aug 2024 18:07:55 GMT" skipped="0">
  <testcase classname="com.sd.qa.testcases.LoginPageTest2" name="loginTest" time="11.466"/>
</testsuite> <!-- com.sd.qa.testcases.LoginPageTest2 -->
