<?xml version="1.0" encoding="UTF-8"?>
<!-- Generated by org.testng.reporters.JUnitReportReporter -->
<testsuite hostname="AAPC-8N072F3" failures="0" tests="1" name="com.sd.qa.testcases.LoginPageTest" time="9.077" errors="0" timestamp="25 Jul 2024 12:40:30 GMT" skipped="0">
  <testcase classname="com.sd.qa.testcases.LoginPageTest" name="loginTest" time="9.077"/>
</testsuite> <!-- com.sd.qa.testcases.LoginPageTest -->
