<?xml version="1.0" encoding="UTF-8"?>
<!-- Generated by org.testng.reporters.JUnitReportReporter -->
<testsuite hostname="AAPC-8N072F3" failures="0" tests="12" name="com.sd.qa.testcases.ProductsPageTest" time="44.291" errors="0" timestamp="17 Jul 2024 18:00:24 GMT" skipped="0">
  <testcase classname="com.sd.qa.testcases.ProductsPageTest" name="validateSauceLabsBackpackIsAvailable" time="3.536"/>
  <testcase classname="com.sd.qa.testcases.ProductsPageTest" name="addAnItemToShoppingCart" time="3.790"/>
  <testcase classname="com.sd.qa.testcases.ProductsPageTest" name="addMultipleItemsToShoppingCart" time="3.866"/>
  <testcase classname="com.sd.qa.testcases.ProductsPageTest" name="addToShoppingCartUsingDp_1" time="3.858"/>
  <testcase classname="com.sd.qa.testcases.ProductsPageTest" name="addToShoppingCartUsingDp_1" time="3.667"/>
  <testcase classname="com.sd.qa.testcases.ProductsPageTest" name="addToShoppingCartUsingDp_1" time="3.525"/>
  <testcase classname="com.sd.qa.testcases.ProductsPageTest" name="addToShoppingCartUsingDp_1" time="3.537"/>
  <testcase classname="com.sd.qa.testcases.ProductsPageTest" name="addToShoppingCartUsingDp_1" time="3.287"/>
  <testcase classname="com.sd.qa.testcases.ProductsPageTest" name="addToShoppingCartUsingDp_1" time="3.649"/>
  <testcase classname="com.sd.qa.testcases.ProductsPageTest" name="addToShoppingCartUsingDp_2" time="4.169"/>
  <testcase classname="com.sd.qa.testcases.ProductsPageTest" name="addToShoppingCartUsingDp_2" time="3.867"/>
  <testcase classname="com.sd.qa.testcases.ProductsPageTest" name="applySorting" time="3.540"/>
</testsuite> <!-- com.sd.qa.testcases.ProductsPageTest -->
